Сборка…
info: Microsoft.EntityFrameworkCore.Database.Command[20101]
      Executed DbCommand (27ms) [Parameters=[], CommandType='Text', CommandTimeout='30']
      SELECT CASE WHEN COUNT(*) = 0 THEN FALSE ELSE TRUE END
FROM pg_class AS cls
JOIN pg_namespace AS ns ON ns.oid = cls.relnamespace
WHERE
        cls.relkind IN ('r', 'v', 'm', 'f', 'p') AND
        ns.nspname NOT IN ('pg_catalog', 'information_schema') AND
        -- Exclude tables which are members of PG extensions
        NOT EXISTS (
            SELECT 1 FROM pg_depend WHERE
                classid=(
                    SELECT cls.oid
                    FROM pg_class AS cls
                             JOIN pg_namespace AS ns ON ns.oid = cls.relnamespace
                    WHERE relname='pg_class' AND ns.nspname='pg_catalog'
                ) AND
                objid=cls.oid AND
                deptype IN ('e', 'x')
        )
info: Microsoft.EntityFrameworkCore.Database.Command[20101]
      Executed DbCommand (8ms) [Parameters=[], CommandType='Text', CommandTimeout='30']
      CREATE TABLE "Products" (
          "Id" integer GENERATED BY DEFAULT AS IDENTITY,
          "Name" character varying(100) NOT NULL,
          "Category" character varying(60) NOT NULL,
          "Price" numeric(10,2) NOT NULL,
          "Quantity" integer NOT NULL,
          "Description" character varying(250),
          CONSTRAINT "PK_Products" PRIMARY KEY ("Id")
      );
info: Microsoft.EntityFrameworkCore.Database.Command[20101]
      Executed DbCommand (2ms) [Parameters=[], CommandType='Text', CommandTimeout='30']
      SELECT EXISTS (
          SELECT 1
          FROM "Products" AS p)
info: Microsoft.EntityFrameworkCore.Database.Command[20101]
      Executed DbCommand (12ms) [Parameters=[@p0='?', @p1='?', @p2='?', @p3='?' (DbType = Decimal), @p4='?' (DbType = Int32), @p5='?', @p6='?', @p7='?', @p8='?' (DbType = Decimal), @p9='?' (DbType = Int32), @p10='?', @p11='?', @p12='?', @p13='?' (DbType = Decimal), @p14='?' (DbType = Int32)], CommandType='Text', CommandTimeout='30']
      INSERT INTO "Products" ("Category", "Description", "Name", "Price", "Quantity")
      VALUES (@p0, @p1, @p2, @p3, @p4)
      RETURNING "Id";
      INSERT INTO "Products" ("Category", "Description", "Name", "Price", "Quantity")
      VALUES (@p5, @p6, @p7, @p8, @p9)
      RETURNING "Id";
      INSERT INTO "Products" ("Category", "Description", "Name", "Price", "Quantity")
      VALUES (@p10, @p11, @p12, @p13, @p14)
      RETURNING "Id";
info: Microsoft.Hosting.Lifetime[14]
      Now listening on: http://localhost:5104
info: Microsoft.Hosting.Lifetime[0]
      Application started. Press Ctrl+C to shut down.
info: Microsoft.Hosting.Lifetime[0]
      Hosting environment: Development
info: Microsoft.Hosting.Lifetime[0]
      Content root path: C:\Users\Mosen\Desktop\PKS\pks5\PKS5.Server
info: Microsoft.EntityFrameworkCore.Database.Command[20101]
      Executed DbCommand (5ms) [Parameters=[], CommandType='Text', CommandTimeout='30']
      SELECT p."Id", p."Category", p."Description", p."Name", p."Price", p."Quantity"
      FROM "Products" AS p
      ORDER BY p."Id"
