info: Microsoft.EntityFrameworkCore.Database.Command[20101]
      Executed DbCommand (28ms) [Parameters=[], CommandType='Text', CommandTimeout='30']
      SELECT CASE WHEN COUNT(*) = 0 THEN FALSE ELSE TRUE END
FROM pg_class AS cls
JOIN pg_namespace AS ns ON ns.oid = cls.relnamespace
WHERE
        cls.relkind IN ('r', 'v', 'm', 'f', 'p') AND
        ns.nspname NOT IN ('pg_catalog', 'information_schema') AND
        -- Exclude tables which are members of PG extensions
        NOT EXISTS (
            SELECT 1 FROM pg_depend WHERE
                classid=(
                    SELECT cls.oid
                    FROM pg_class AS cls
                             JOIN pg_namespace AS ns ON ns.oid = cls.relnamespace
                    WHERE relname='pg_class' AND ns.nspname='pg_catalog'
                ) AND
                objid=cls.oid AND
                deptype IN ('e', 'x')
        )
info: Microsoft.EntityFrameworkCore.Database.Command[20101]
      Executed DbCommand (2ms) [Parameters=[], CommandType='Text', CommandTimeout='30']
      SELECT c."Id", c."CoatOfArmsUrl", c."History", c."Name", c."PhotoUrl", c."Population", c."Region"
      FROM "Cities" AS c
      WHERE c."Name" = '…Ş âĄŕ¨­ˇăŕŁ'
      LIMIT 1
info: Microsoft.EntityFrameworkCore.Database.Command[20101]
      Executed DbCommand (5ms) [Parameters=[@__cityData_Name_0='?'], CommandType='Text', CommandTimeout='30']
      SELECT c."Id", c."CoatOfArmsUrl", c."History", c."Name", c."PhotoUrl", c."Population", c."Region"
      FROM "Cities" AS c
      WHERE c."Name" = @__cityData_Name_0
      LIMIT 1
info: Microsoft.EntityFrameworkCore.Database.Command[20101]
      Executed DbCommand (2ms) [Parameters=[@__cityData_Name_0='?'], CommandType='Text', CommandTimeout='30']
      SELECT c."Id", c."CoatOfArmsUrl", c."History", c."Name", c."PhotoUrl", c."Population", c."Region"
      FROM "Cities" AS c
      WHERE c."Name" = @__cityData_Name_0
      LIMIT 1
info: Microsoft.EntityFrameworkCore.Database.Command[20101]
      Executed DbCommand (1ms) [Parameters=[@__cityData_Name_0='?'], CommandType='Text', CommandTimeout='30']
      SELECT c."Id", c."CoatOfArmsUrl", c."History", c."Name", c."PhotoUrl", c."Population", c."Region"
      FROM "Cities" AS c
      WHERE c."Name" = @__cityData_Name_0
      LIMIT 1
info: Microsoft.EntityFrameworkCore.Database.Command[20101]
      Executed DbCommand (1ms) [Parameters=[@__cityData_Name_0='?'], CommandType='Text', CommandTimeout='30']
      SELECT c."Id", c."CoatOfArmsUrl", c."History", c."Name", c."PhotoUrl", c."Population", c."Region"
      FROM "Cities" AS c
      WHERE c."Name" = @__cityData_Name_0
      LIMIT 1
info: Microsoft.EntityFrameworkCore.Database.Command[20101]
      Executed DbCommand (1ms) [Parameters=[@__cityData_Name_0='?'], CommandType='Text', CommandTimeout='30']
      SELECT c."Id", c."CoatOfArmsUrl", c."History", c."Name", c."PhotoUrl", c."Population", c."Region"
      FROM "Cities" AS c
      WHERE c."Name" = @__cityData_Name_0
      LIMIT 1
info: Microsoft.EntityFrameworkCore.Database.Command[20101]
      Executed DbCommand (1ms) [Parameters=[], CommandType='Text', CommandTimeout='30']
      SELECT c."Id", c."CoatOfArmsUrl", c."History", c."Name", c."PhotoUrl", c."Population", c."Region"
      FROM "Cities" AS c
info: Microsoft.EntityFrameworkCore.Database.Command[20101]
      Executed DbCommand (2ms) [Parameters=[@__attractionData_Name_0='?', @__attractionData_CityId_1='?' (DbType = Int32)], CommandType='Text', CommandTimeout='30']
      SELECT a."Id", a."CityId", a."Description", a."History", a."Name", a."PhotoUrl", a."VisitPrice", a."WorkingHours"
      FROM "Attractions" AS a
      WHERE a."Name" = @__attractionData_Name_0 AND a."CityId" = @__attractionData_CityId_1
      LIMIT 1
info: Microsoft.EntityFrameworkCore.Database.Command[20101]
      Executed DbCommand (1ms) [Parameters=[@__attractionData_Name_0='?', @__attractionData_CityId_1='?' (DbType = Int32)], CommandType='Text', CommandTimeout='30']
      SELECT a."Id", a."CityId", a."Description", a."History", a."Name", a."PhotoUrl", a."VisitPrice", a."WorkingHours"
      FROM "Attractions" AS a
      WHERE a."Name" = @__attractionData_Name_0 AND a."CityId" = @__attractionData_CityId_1
      LIMIT 1
info: Microsoft.EntityFrameworkCore.Database.Command[20101]
      Executed DbCommand (1ms) [Parameters=[@__attractionData_Name_0='?', @__attractionData_CityId_1='?' (DbType = Int32)], CommandType='Text', CommandTimeout='30']
      SELECT a."Id", a."CityId", a."Description", a."History", a."Name", a."PhotoUrl", a."VisitPrice", a."WorkingHours"
      FROM "Attractions" AS a
      WHERE a."Name" = @__attractionData_Name_0 AND a."CityId" = @__attractionData_CityId_1
      LIMIT 1
info: Microsoft.EntityFrameworkCore.Database.Command[20101]
      Executed DbCommand (1ms) [Parameters=[@__attractionData_Name_0='?', @__attractionData_CityId_1='?' (DbType = Int32)], CommandType='Text', CommandTimeout='30']
      SELECT a."Id", a."CityId", a."Description", a."History", a."Name", a."PhotoUrl", a."VisitPrice", a."WorkingHours"
      FROM "Attractions" AS a
      WHERE a."Name" = @__attractionData_Name_0 AND a."CityId" = @__attractionData_CityId_1
      LIMIT 1
info: Microsoft.EntityFrameworkCore.Database.Command[20101]
      Executed DbCommand (1ms) [Parameters=[@__attractionData_Name_0='?', @__attractionData_CityId_1='?' (DbType = Int32)], CommandType='Text', CommandTimeout='30']
      SELECT a."Id", a."CityId", a."Description", a."History", a."Name", a."PhotoUrl", a."VisitPrice", a."WorkingHours"
      FROM "Attractions" AS a
      WHERE a."Name" = @__attractionData_Name_0 AND a."CityId" = @__attractionData_CityId_1
      LIMIT 1
info: Microsoft.EntityFrameworkCore.Database.Command[20101]
      Executed DbCommand (1ms) [Parameters=[@__attractionData_Name_0='?', @__attractionData_CityId_1='?' (DbType = Int32)], CommandType='Text', CommandTimeout='30']
      SELECT a."Id", a."CityId", a."Description", a."History", a."Name", a."PhotoUrl", a."VisitPrice", a."WorkingHours"
      FROM "Attractions" AS a
      WHERE a."Name" = @__attractionData_Name_0 AND a."CityId" = @__attractionData_CityId_1
      LIMIT 1
info: Microsoft.EntityFrameworkCore.Database.Command[20101]
      Executed DbCommand (1ms) [Parameters=[@__attractionData_Name_0='?', @__attractionData_CityId_1='?' (DbType = Int32)], CommandType='Text', CommandTimeout='30']
      SELECT a."Id", a."CityId", a."Description", a."History", a."Name", a."PhotoUrl", a."VisitPrice", a."WorkingHours"
      FROM "Attractions" AS a
      WHERE a."Name" = @__attractionData_Name_0 AND a."CityId" = @__attractionData_CityId_1
      LIMIT 1
info: Microsoft.EntityFrameworkCore.Database.Command[20101]
      Executed DbCommand (1ms) [Parameters=[@__attractionData_Name_0='?', @__attractionData_CityId_1='?' (DbType = Int32)], CommandType='Text', CommandTimeout='30']
      SELECT a."Id", a."CityId", a."Description", a."History", a."Name", a."PhotoUrl", a."VisitPrice", a."WorkingHours"
      FROM "Attractions" AS a
      WHERE a."Name" = @__attractionData_Name_0 AND a."CityId" = @__attractionData_CityId_1
      LIMIT 1
info: Microsoft.EntityFrameworkCore.Database.Command[20101]
      Executed DbCommand (1ms) [Parameters=[@__attractionData_Name_0='?', @__attractionData_CityId_1='?' (DbType = Int32)], CommandType='Text', CommandTimeout='30']
      SELECT a."Id", a."CityId", a."Description", a."History", a."Name", a."PhotoUrl", a."VisitPrice", a."WorkingHours"
      FROM "Attractions" AS a
      WHERE a."Name" = @__attractionData_Name_0 AND a."CityId" = @__attractionData_CityId_1
      LIMIT 1
info: Microsoft.EntityFrameworkCore.Database.Command[20101]
      Executed DbCommand (1ms) [Parameters=[@__attractionData_Name_0='?', @__attractionData_CityId_1='?' (DbType = Int32)], CommandType='Text', CommandTimeout='30']
      SELECT a."Id", a."CityId", a."Description", a."History", a."Name", a."PhotoUrl", a."VisitPrice", a."WorkingHours"
      FROM "Attractions" AS a
      WHERE a."Name" = @__attractionData_Name_0 AND a."CityId" = @__attractionData_CityId_1
      LIMIT 1
info: Microsoft.Hosting.Lifetime[14]
      Now listening on: http://localhost:5004
info: Microsoft.Hosting.Lifetime[0]
      Application started. Press Ctrl+C to shut down.
info: Microsoft.Hosting.Lifetime[0]
      Hosting environment: Production
info: Microsoft.Hosting.Lifetime[0]
      Content root path: C:\Users\Mosen\Desktop\PKS\pks4\pr4
info: Microsoft.EntityFrameworkCore.Database.Command[20101]
      Executed DbCommand (6ms) [Parameters=[], CommandType='Text', CommandTimeout='30']
      SELECT c."Id", c."CoatOfArmsUrl", c."History", c."Name", c."PhotoUrl", c."Population", c."Region"
      FROM "Cities" AS c
      ORDER BY c."Name"
info: Microsoft.EntityFrameworkCore.Database.Command[20101]
      Executed DbCommand (2ms) [Parameters=[], CommandType='Text', CommandTimeout='30']
      SELECT c."Id", c."CoatOfArmsUrl", c."History", c."Name", c."PhotoUrl", c."Population", c."Region"
      FROM "Cities" AS c
      ORDER BY c."Name"
info: Microsoft.EntityFrameworkCore.Database.Command[20101]
      Executed DbCommand (2ms) [Parameters=[@__id_0='?' (DbType = Int32)], CommandType='Text', CommandTimeout='30']
      SELECT t."Id", t."CoatOfArmsUrl", t."History", t."Name", t."PhotoUrl", t."Population", t."Region", a."Id", a."CityId", a."Description", a."History", a."Name", a."PhotoUrl", a."VisitPrice", a."WorkingHours"
      FROM (
          SELECT c."Id", c."CoatOfArmsUrl", c."History", c."Name", c."PhotoUrl", c."Population", c."Region"
          FROM "Cities" AS c
          WHERE c."Id" = @__id_0
          LIMIT 1
      ) AS t
      LEFT JOIN "Attractions" AS a ON t."Id" = a."CityId"
      ORDER BY t."Id"
info: Microsoft.EntityFrameworkCore.Database.Command[20101]
      Executed DbCommand (1ms) [Parameters=[], CommandType='Text', CommandTimeout='30']
      SELECT c."Id", c."CoatOfArmsUrl", c."History", c."Name", c."PhotoUrl", c."Population", c."Region"
      FROM "Cities" AS c
      ORDER BY c."Name"
info: Microsoft.EntityFrameworkCore.Database.Command[20101]
      Executed DbCommand (2ms) [Parameters=[@__id_0='?' (DbType = Int32)], CommandType='Text', CommandTimeout='30']
      SELECT t."Id", t."CoatOfArmsUrl", t."History", t."Name", t."PhotoUrl", t."Population", t."Region", a."Id", a."CityId", a."Description", a."History", a."Name", a."PhotoUrl", a."VisitPrice", a."WorkingHours"
      FROM (
          SELECT c."Id", c."CoatOfArmsUrl", c."History", c."Name", c."PhotoUrl", c."Population", c."Region"
          FROM "Cities" AS c
          WHERE c."Id" = @__id_0
          LIMIT 1
      ) AS t
      LEFT JOIN "Attractions" AS a ON t."Id" = a."CityId"
      ORDER BY t."Id"
info: Microsoft.EntityFrameworkCore.Database.Command[20101]
      Executed DbCommand (2ms) [Parameters=[], CommandType='Text', CommandTimeout='30']
      SELECT c."Id", c."CoatOfArmsUrl", c."History", c."Name", c."PhotoUrl", c."Population", c."Region"
      FROM "Cities" AS c
      ORDER BY c."Name"
info: Microsoft.EntityFrameworkCore.Database.Command[20101]
      Executed DbCommand (2ms) [Parameters=[@__id_0='?' (DbType = Int32)], CommandType='Text', CommandTimeout='30']
      SELECT t."Id", t."CoatOfArmsUrl", t."History", t."Name", t."PhotoUrl", t."Population", t."Region", a."Id", a."CityId", a."Description", a."History", a."Name", a."PhotoUrl", a."VisitPrice", a."WorkingHours"
      FROM (
          SELECT c."Id", c."CoatOfArmsUrl", c."History", c."Name", c."PhotoUrl", c."Population", c."Region"
          FROM "Cities" AS c
          WHERE c."Id" = @__id_0
          LIMIT 1
      ) AS t
      LEFT JOIN "Attractions" AS a ON t."Id" = a."CityId"
      ORDER BY t."Id"
info: Microsoft.EntityFrameworkCore.Database.Command[20101]
      Executed DbCommand (2ms) [Parameters=[], CommandType='Text', CommandTimeout='30']
      SELECT c."Id", c."CoatOfArmsUrl", c."History", c."Name", c."PhotoUrl", c."Population", c."Region"
      FROM "Cities" AS c
      ORDER BY c."Name"
info: Microsoft.EntityFrameworkCore.Database.Command[20101]
      Executed DbCommand (2ms) [Parameters=[@__id_0='?' (DbType = Int32)], CommandType='Text', CommandTimeout='30']
      SELECT t."Id", t."CoatOfArmsUrl", t."History", t."Name", t."PhotoUrl", t."Population", t."Region", a."Id", a."CityId", a."Description", a."History", a."Name", a."PhotoUrl", a."VisitPrice", a."WorkingHours"
      FROM (
          SELECT c."Id", c."CoatOfArmsUrl", c."History", c."Name", c."PhotoUrl", c."Population", c."Region"
          FROM "Cities" AS c
          WHERE c."Id" = @__id_0
          LIMIT 1
      ) AS t
      LEFT JOIN "Attractions" AS a ON t."Id" = a."CityId"
      ORDER BY t."Id"
info: Microsoft.EntityFrameworkCore.Database.Command[20101]
      Executed DbCommand (1ms) [Parameters=[], CommandType='Text', CommandTimeout='30']
      SELECT c."Id", c."CoatOfArmsUrl", c."History", c."Name", c."PhotoUrl", c."Population", c."Region"
      FROM "Cities" AS c
      ORDER BY c."Name"
