info: Microsoft.EntityFrameworkCore.Database.Command[20101]
      Executed DbCommand (26ms) [Parameters=[], CommandType='Text', CommandTimeout='30']
      SELECT CASE WHEN COUNT(*) = 0 THEN FALSE ELSE TRUE END
FROM pg_class AS cls
JOIN pg_namespace AS ns ON ns.oid = cls.relnamespace
WHERE
        cls.relkind IN ('r', 'v', 'm', 'f', 'p') AND
        ns.nspname NOT IN ('pg_catalog', 'information_schema') AND
        -- Exclude tables which are members of PG extensions
        NOT EXISTS (
            SELECT 1 FROM pg_depend WHERE
                classid=(
                    SELECT cls.oid
                    FROM pg_class AS cls
                             JOIN pg_namespace AS ns ON ns.oid = cls.relnamespace
                    WHERE relname='pg_class' AND ns.nspname='pg_catalog'
                ) AND
                objid=cls.oid AND
                deptype IN ('e', 'x')
        )
info: Microsoft.EntityFrameworkCore.Database.Command[20101]
      Executed DbCommand (3ms) [Parameters=[], CommandType='Text', CommandTimeout='30']
      SELECT EXISTS (
          SELECT 1
          FROM "Products" AS p)
warn: Microsoft.AspNetCore.StaticFiles.StaticFileMiddleware[16]
      The WebRootPath was not found: C:\Users\Mosen\Desktop\PKS\pks4\pr5\wwwroot. Static files may be unavailable.
info: Microsoft.Hosting.Lifetime[14]
      Now listening on: http://localhost:5005
info: Microsoft.Hosting.Lifetime[0]
      Application started. Press Ctrl+C to shut down.
info: Microsoft.Hosting.Lifetime[0]
      Hosting environment: Production
info: Microsoft.Hosting.Lifetime[0]
      Content root path: C:\Users\Mosen\Desktop\PKS\pks4\pr5
info: Microsoft.EntityFrameworkCore.Database.Command[20101]
      Executed DbCommand (26ms) [Parameters=[], CommandType='Text', CommandTimeout='30']
      SELECT p."Id", p."CurrentWorkOrderId", p."EfficiencyFactor", p."Name", p."Status", t."Id", t."EstimatedEndDate", t."ProductId", t."ProductionLineId", t."ProgressPercent", t."Quantity", t."StartDate", t."Status", t."Id0", t."Category", t."Description", t."MinimalStock", t."Name", t."ProductionTimePerUnit", t."Specifications"
      FROM "ProductionLines" AS p
      LEFT JOIN (
          SELECT w."Id", w."EstimatedEndDate", w."ProductId", w."ProductionLineId", w."ProgressPercent", w."Quantity", w."StartDate", w."Status", p0."Id" AS "Id0", p0."Category", p0."Description", p0."MinimalStock", p0."Name", p0."ProductionTimePerUnit", p0."Specifications"
          FROM "WorkOrders" AS w
          INNER JOIN "Products" AS p0 ON w."ProductId" = p0."Id"
      ) AS t ON p."Id" = t."ProductionLineId"
      ORDER BY p."Name", p."Id", t."Id"
info: Microsoft.EntityFrameworkCore.Database.Command[20101]
      Executed DbCommand (4ms) [Parameters=[], CommandType='Text', CommandTimeout='30']
      SELECT p."Id", p."CurrentWorkOrderId", p."EfficiencyFactor", p."Name", p."Status", t."Id", t."EstimatedEndDate", t."ProductId", t."ProductionLineId", t."ProgressPercent", t."Quantity", t."StartDate", t."Status", t."Id0", t."Category", t."Description", t."MinimalStock", t."Name", t."ProductionTimePerUnit", t."Specifications"
      FROM "ProductionLines" AS p
      LEFT JOIN (
          SELECT w."Id", w."EstimatedEndDate", w."ProductId", w."ProductionLineId", w."ProgressPercent", w."Quantity", w."StartDate", w."Status", p0."Id" AS "Id0", p0."Category", p0."Description", p0."MinimalStock", p0."Name", p0."ProductionTimePerUnit", p0."Specifications"
          FROM "WorkOrders" AS w
          INNER JOIN "Products" AS p0 ON w."ProductId" = p0."Id"
      ) AS t ON p."Id" = t."ProductionLineId"
      ORDER BY p."Name", p."Id", t."Id"
info: Microsoft.EntityFrameworkCore.Database.Command[20101]
      Executed DbCommand (22ms) [Parameters=[@__id_0='?' (DbType = Int32)], CommandType='Text', CommandTimeout='30']
      SELECT t."Id", t."CurrentWorkOrderId", t."EfficiencyFactor", t."Name", t."Status", t0."Id", t0."EstimatedEndDate", t0."ProductId", t0."ProductionLineId", t0."ProgressPercent", t0."Quantity", t0."StartDate", t0."Status", t0."Id0", t0."Category", t0."Description", t0."MinimalStock", t0."Name", t0."ProductionTimePerUnit", t0."Specifications"
      FROM (
          SELECT p."Id", p."CurrentWorkOrderId", p."EfficiencyFactor", p."Name", p."Status"
          FROM "ProductionLines" AS p
          WHERE p."Id" = @__id_0
          LIMIT 1
      ) AS t
      LEFT JOIN (
          SELECT w."Id", w."EstimatedEndDate", w."ProductId", w."ProductionLineId", w."ProgressPercent", w."Quantity", w."StartDate", w."Status", p0."Id" AS "Id0", p0."Category", p0."Description", p0."MinimalStock", p0."Name", p0."ProductionTimePerUnit", p0."Specifications"
          FROM "WorkOrders" AS w
          INNER JOIN "Products" AS p0 ON w."ProductId" = p0."Id"
      ) AS t0 ON t."Id" = t0."ProductionLineId"
      ORDER BY t."Id", t0."Id"
info: Microsoft.EntityFrameworkCore.Database.Command[20101]
      Executed DbCommand (10ms) [Parameters=[@p1='?' (DbType = Int32), @p0='?' (DbType = Single), @p3='?' (DbType = Int32), @p2='?' (DbType = DateTime2)], CommandType='Text', CommandTimeout='30']
      UPDATE "ProductionLines" SET "EfficiencyFactor" = @p0
      WHERE "Id" = @p1;
      UPDATE "WorkOrders" SET "EstimatedEndDate" = @p2
      WHERE "Id" = @p3;
info: Microsoft.EntityFrameworkCore.Database.Command[20101]
      Executed DbCommand (2ms) [Parameters=[@__id_0='?' (DbType = Int32)], CommandType='Text', CommandTimeout='30']
      SELECT t."Id", t."CurrentWorkOrderId", t."EfficiencyFactor", t."Name", t."Status", t0."Id", t0."EstimatedEndDate", t0."ProductId", t0."ProductionLineId", t0."ProgressPercent", t0."Quantity", t0."StartDate", t0."Status", t0."Id0", t0."Category", t0."Description", t0."MinimalStock", t0."Name", t0."ProductionTimePerUnit", t0."Specifications"
      FROM (
          SELECT p."Id", p."CurrentWorkOrderId", p."EfficiencyFactor", p."Name", p."Status"
          FROM "ProductionLines" AS p
          WHERE p."Id" = @__id_0
          LIMIT 1
      ) AS t
      LEFT JOIN (
          SELECT w."Id", w."EstimatedEndDate", w."ProductId", w."ProductionLineId", w."ProgressPercent", w."Quantity", w."StartDate", w."Status", p0."Id" AS "Id0", p0."Category", p0."Description", p0."MinimalStock", p0."Name", p0."ProductionTimePerUnit", p0."Specifications"
          FROM "WorkOrders" AS w
          INNER JOIN "Products" AS p0 ON w."ProductId" = p0."Id"
      ) AS t0 ON t."Id" = t0."ProductionLineId"
      ORDER BY t."Id", t0."Id"
info: Microsoft.EntityFrameworkCore.Database.Command[20101]
      Executed DbCommand (3ms) [Parameters=[@p1='?' (DbType = Int32), @p0='?' (DbType = Single)], CommandType='Text', CommandTimeout='30']
      UPDATE "ProductionLines" SET "EfficiencyFactor" = @p0
      WHERE "Id" = @p1;
info: Microsoft.EntityFrameworkCore.Database.Command[20101]
      Executed DbCommand (2ms) [Parameters=[], CommandType='Text', CommandTimeout='30']
      SELECT p."Id", p."CurrentWorkOrderId", p."EfficiencyFactor", p."Name", p."Status", t."Id", t."EstimatedEndDate", t."ProductId", t."ProductionLineId", t."ProgressPercent", t."Quantity", t."StartDate", t."Status", t."Id0", t."Category", t."Description", t."MinimalStock", t."Name", t."ProductionTimePerUnit", t."Specifications"
      FROM "ProductionLines" AS p
      LEFT JOIN (
          SELECT w."Id", w."EstimatedEndDate", w."ProductId", w."ProductionLineId", w."ProgressPercent", w."Quantity", w."StartDate", w."Status", p0."Id" AS "Id0", p0."Category", p0."Description", p0."MinimalStock", p0."Name", p0."ProductionTimePerUnit", p0."Specifications"
          FROM "WorkOrders" AS w
          INNER JOIN "Products" AS p0 ON w."ProductId" = p0."Id"
      ) AS t ON p."Id" = t."ProductionLineId"
      ORDER BY p."Name", p."Id", t."Id"
info: Microsoft.EntityFrameworkCore.Database.Command[20101]
      Executed DbCommand (3ms) [Parameters=[], CommandType='Text', CommandTimeout='30']
      SELECT p."Id", p."Category", p."Description", p."MinimalStock", p."Name", p."ProductionTimePerUnit", p."Specifications"
      FROM "Products" AS p
      ORDER BY p."Name"
info: Microsoft.EntityFrameworkCore.Database.Command[20101]
      Executed DbCommand (3ms) [Parameters=[], CommandType='Text', CommandTimeout='30']
      SELECT p."Id", p."CurrentWorkOrderId", p."EfficiencyFactor", p."Name", p."Status"
      FROM "ProductionLines" AS p
      WHERE p."Status" = 'Active' OR p."CurrentWorkOrderId" IS NULL
      ORDER BY p."Name"
info: Microsoft.EntityFrameworkCore.Database.Command[20101]
      Executed DbCommand (2ms) [Parameters=[], CommandType='Text', CommandTimeout='30']
      SELECT w."Id", w."EstimatedEndDate", w."ProductId", w."ProductionLineId", w."ProgressPercent", w."Quantity", w."StartDate", w."Status", p."Id", p."Category", p."Description", p."MinimalStock", p."Name", p."ProductionTimePerUnit", p."Specifications", p0."Id", p0."CurrentWorkOrderId", p0."EfficiencyFactor", p0."Name", p0."Status"
      FROM "WorkOrders" AS w
      INNER JOIN "Products" AS p ON w."ProductId" = p."Id"
      LEFT JOIN "ProductionLines" AS p0 ON w."ProductionLineId" = p0."Id"
info: Microsoft.EntityFrameworkCore.Database.Command[20101]
      Executed DbCommand (2ms) [Parameters=[@__p_0='?' (DbType = Int32)], CommandType='Text', CommandTimeout='30']
      SELECT w."Id", w."EstimatedEndDate", w."ProductId", w."ProductionLineId", w."ProgressPercent", w."Quantity", w."StartDate", w."Status"
      FROM "WorkOrders" AS w
      WHERE w."Id" = @__p_0
      LIMIT 1
info: Microsoft.EntityFrameworkCore.Database.Command[20101]
      Executed DbCommand (2ms) [Parameters=[@__order_ProductId_0='?' (DbType = Int32)], CommandType='Text', CommandTimeout='30']
      SELECT p."ProductId", p."MaterialId", p."QuantityNeeded", m."Id", m."MinimalStock", m."Name", m."Quantity", m."UnitOfMeasure"
      FROM "ProductMaterials" AS p
      INNER JOIN "Materials" AS m ON p."MaterialId" = m."Id"
      WHERE p."ProductId" = @__order_ProductId_0
info: Microsoft.EntityFrameworkCore.Database.Command[20101]
      Executed DbCommand (2ms) [Parameters=[@__p_0='?' (DbType = Int32)], CommandType='Text', CommandTimeout='30']
      SELECT p."Id", p."CurrentWorkOrderId", p."EfficiencyFactor", p."Name", p."Status"
      FROM "ProductionLines" AS p
      WHERE p."Id" = @__p_0
      LIMIT 1
info: Microsoft.EntityFrameworkCore.Database.Command[20101]
      Executed DbCommand (10ms) [Parameters=[@p1='?' (DbType = Int32), @p0='?' (DbType = Decimal), @p3='?' (DbType = Int32), @p2='?' (DbType = Decimal), @p5='?' (DbType = Int32), @p4='?' (DbType = Decimal), @p8='?' (DbType = Int32), @p6='?' (DbType = Int32), @p7='?'], CommandType='Text', CommandTimeout='30']
      UPDATE "Materials" SET "Quantity" = @p0
      WHERE "Id" = @p1;
      UPDATE "Materials" SET "Quantity" = @p2
      WHERE "Id" = @p3;
      UPDATE "Materials" SET "Quantity" = @p4
      WHERE "Id" = @p5;
      UPDATE "WorkOrders" SET "ProgressPercent" = @p6, "Status" = @p7
      WHERE "Id" = @p8;
info: Microsoft.EntityFrameworkCore.Database.Command[20101]
      Executed DbCommand (2ms) [Parameters=[], CommandType='Text', CommandTimeout='30']
      SELECT p."Id", p."Category", p."Description", p."MinimalStock", p."Name", p."ProductionTimePerUnit", p."Specifications"
      FROM "Products" AS p
      ORDER BY p."Name"
info: Microsoft.EntityFrameworkCore.Database.Command[20101]
      Executed DbCommand (2ms) [Parameters=[], CommandType='Text', CommandTimeout='30']
      SELECT p."Id", p."CurrentWorkOrderId", p."EfficiencyFactor", p."Name", p."Status"
      FROM "ProductionLines" AS p
      WHERE p."Status" = 'Active' OR p."CurrentWorkOrderId" IS NULL
      ORDER BY p."Name"
info: Microsoft.EntityFrameworkCore.Database.Command[20101]
      Executed DbCommand (2ms) [Parameters=[], CommandType='Text', CommandTimeout='30']
      SELECT w."Id", w."EstimatedEndDate", w."ProductId", w."ProductionLineId", w."ProgressPercent", w."Quantity", w."StartDate", w."Status", p."Id", p."Category", p."Description", p."MinimalStock", p."Name", p."ProductionTimePerUnit", p."Specifications", p0."Id", p0."CurrentWorkOrderId", p0."EfficiencyFactor", p0."Name", p0."Status"
      FROM "WorkOrders" AS w
      INNER JOIN "Products" AS p ON w."ProductId" = p."Id"
      LEFT JOIN "ProductionLines" AS p0 ON w."ProductionLineId" = p0."Id"
info: Microsoft.EntityFrameworkCore.Database.Command[20101]
      Executed DbCommand (2ms) [Parameters=[], CommandType='Text', CommandTimeout='30']
      SELECT p."Id", p."Category", p."Description", p."MinimalStock", p."Name", p."ProductionTimePerUnit", p."Specifications"
      FROM "Products" AS p
      ORDER BY p."Name"
info: Microsoft.EntityFrameworkCore.Database.Command[20101]
      Executed DbCommand (2ms) [Parameters=[], CommandType='Text', CommandTimeout='30']
      SELECT p."Id", p."CurrentWorkOrderId", p."EfficiencyFactor", p."Name", p."Status"
      FROM "ProductionLines" AS p
      WHERE p."Status" = 'Active' OR p."CurrentWorkOrderId" IS NULL
      ORDER BY p."Name"
info: Microsoft.EntityFrameworkCore.Database.Command[20101]
      Executed DbCommand (2ms) [Parameters=[], CommandType='Text', CommandTimeout='30']
      SELECT w."Id", w."EstimatedEndDate", w."ProductId", w."ProductionLineId", w."ProgressPercent", w."Quantity", w."StartDate", w."Status", p."Id", p."Category", p."Description", p."MinimalStock", p."Name", p."ProductionTimePerUnit", p."Specifications", p0."Id", p0."CurrentWorkOrderId", p0."EfficiencyFactor", p0."Name", p0."Status"
      FROM "WorkOrders" AS w
      INNER JOIN "Products" AS p ON w."ProductId" = p."Id"
      LEFT JOIN "ProductionLines" AS p0 ON w."ProductionLineId" = p0."Id"
info: Microsoft.EntityFrameworkCore.Database.Command[20101]
      Executed DbCommand (3ms) [Parameters=[@__p_0='?' (DbType = Int32)], CommandType='Text', CommandTimeout='30']
      SELECT p."Id", p."Category", p."Description", p."MinimalStock", p."Name", p."ProductionTimePerUnit", p."Specifications"
      FROM "Products" AS p
      WHERE p."Id" = @__p_0
      LIMIT 1
info: Microsoft.EntityFrameworkCore.Database.Command[20101]
      Executed DbCommand (2ms) [Parameters=[@__productId_0='?' (DbType = Int32)], CommandType='Text', CommandTimeout='30']
      SELECT p."ProductId", p."MaterialId", p."QuantityNeeded", m."Id", m."MinimalStock", m."Name", m."Quantity", m."UnitOfMeasure"
      FROM "ProductMaterials" AS p
      INNER JOIN "Materials" AS m ON p."MaterialId" = m."Id"
      WHERE p."ProductId" = @__productId_0
info: Microsoft.EntityFrameworkCore.Database.Command[20101]
      Executed DbCommand (2ms) [Parameters=[@__p_0='?' (DbType = Int32)], CommandType='Text', CommandTimeout='30']
      SELECT p."Id", p."CurrentWorkOrderId", p."EfficiencyFactor", p."Name", p."Status"
      FROM "ProductionLines" AS p
      WHERE p."Id" = @__p_0
      LIMIT 1
info: Microsoft.EntityFrameworkCore.Database.Command[20101]
      Executed DbCommand (2ms) [Parameters=[@__lineId_0='?' (DbType = Int32), @__endDate_1='?' (DbType = DateTime2), @__startDate_2='?' (DbType = DateTime2)], CommandType='Text', CommandTimeout='30']
      SELECT EXISTS (
          SELECT 1
          FROM "WorkOrders" AS w
          WHERE w."ProductionLineId" = @__lineId_0 AND w."Status" <> 'Completed' AND w."Status" <> 'Cancelled' AND w."Status" <> 'Returned' AND w."StartDate" < @__endDate_1 AND @__startDate_2 < w."EstimatedEndDate")
info: Microsoft.EntityFrameworkCore.Database.Command[20101]
      Executed DbCommand (2ms) [Parameters=[], CommandType='Text', CommandTimeout='30']
      SELECT p."Id", p."Category", p."Description", p."MinimalStock", p."Name", p."ProductionTimePerUnit", p."Specifications"
      FROM "Products" AS p
      ORDER BY p."Name"
info: Microsoft.EntityFrameworkCore.Database.Command[20101]
      Executed DbCommand (2ms) [Parameters=[], CommandType='Text', CommandTimeout='30']
      SELECT p."Id", p."CurrentWorkOrderId", p."EfficiencyFactor", p."Name", p."Status"
      FROM "ProductionLines" AS p
      WHERE p."Status" = 'Active' OR p."CurrentWorkOrderId" IS NULL
      ORDER BY p."Name"
info: Microsoft.EntityFrameworkCore.Database.Command[20101]
      Executed DbCommand (2ms) [Parameters=[], CommandType='Text', CommandTimeout='30']
      SELECT w."Id", w."EstimatedEndDate", w."ProductId", w."ProductionLineId", w."ProgressPercent", w."Quantity", w."StartDate", w."Status", p."Id", p."Category", p."Description", p."MinimalStock", p."Name", p."ProductionTimePerUnit", p."Specifications", p0."Id", p0."CurrentWorkOrderId", p0."EfficiencyFactor", p0."Name", p0."Status"
      FROM "WorkOrders" AS w
      INNER JOIN "Products" AS p ON w."ProductId" = p."Id"
      LEFT JOIN "ProductionLines" AS p0 ON w."ProductionLineId" = p0."Id"
info: Microsoft.EntityFrameworkCore.Database.Command[20101]
      Executed DbCommand (3ms) [Parameters=[], CommandType='Text', CommandTimeout='30']
      SELECT p."Id", p."CurrentWorkOrderId", p."EfficiencyFactor", p."Name", p."Status", t."Id", t."EstimatedEndDate", t."ProductId", t."ProductionLineId", t."ProgressPercent", t."Quantity", t."StartDate", t."Status", t."Id0", t."Category", t."Description", t."MinimalStock", t."Name", t."ProductionTimePerUnit", t."Specifications"
      FROM "ProductionLines" AS p
      LEFT JOIN (
          SELECT w."Id", w."EstimatedEndDate", w."ProductId", w."ProductionLineId", w."ProgressPercent", w."Quantity", w."StartDate", w."Status", p0."Id" AS "Id0", p0."Category", p0."Description", p0."MinimalStock", p0."Name", p0."ProductionTimePerUnit", p0."Specifications"
          FROM "WorkOrders" AS w
          INNER JOIN "Products" AS p0 ON w."ProductId" = p0."Id"
      ) AS t ON p."Id" = t."ProductionLineId"
      ORDER BY p."Name", p."Id", t."Id"
info: Microsoft.EntityFrameworkCore.Database.Command[20101]
      Executed DbCommand (3ms) [Parameters=[@__id_0='?' (DbType = Int32)], CommandType='Text', CommandTimeout='30']
      SELECT t."Id", t."CurrentWorkOrderId", t."EfficiencyFactor", t."Name", t."Status", t0."Id", t0."EstimatedEndDate", t0."ProductId", t0."ProductionLineId", t0."ProgressPercent", t0."Quantity", t0."StartDate", t0."Status", t0."Id0", t0."Category", t0."Description", t0."MinimalStock", t0."Name", t0."ProductionTimePerUnit", t0."Specifications"
      FROM (
          SELECT p."Id", p."CurrentWorkOrderId", p."EfficiencyFactor", p."Name", p."Status"
          FROM "ProductionLines" AS p
          WHERE p."Id" = @__id_0
          LIMIT 1
      ) AS t
      LEFT JOIN (
          SELECT w."Id", w."EstimatedEndDate", w."ProductId", w."ProductionLineId", w."ProgressPercent", w."Quantity", w."StartDate", w."Status", p0."Id" AS "Id0", p0."Category", p0."Description", p0."MinimalStock", p0."Name", p0."ProductionTimePerUnit", p0."Specifications"
          FROM "WorkOrders" AS w
          INNER JOIN "Products" AS p0 ON w."ProductId" = p0."Id"
      ) AS t0 ON t."Id" = t0."ProductionLineId"
      ORDER BY t."Id", t0."Id"
info: Microsoft.EntityFrameworkCore.Database.Command[20101]
      Executed DbCommand (6ms) [Parameters=[@p1='?' (DbType = Int32), @p0='?' (DbType = Single)], CommandType='Text', CommandTimeout='30']
      UPDATE "ProductionLines" SET "EfficiencyFactor" = @p0
      WHERE "Id" = @p1;
info: Microsoft.EntityFrameworkCore.Database.Command[20101]
      Executed DbCommand (2ms) [Parameters=[], CommandType='Text', CommandTimeout='30']
      SELECT p."Id", p."CurrentWorkOrderId", p."EfficiencyFactor", p."Name", p."Status", t."Id", t."EstimatedEndDate", t."ProductId", t."ProductionLineId", t."ProgressPercent", t."Quantity", t."StartDate", t."Status", t."Id0", t."Category", t."Description", t."MinimalStock", t."Name", t."ProductionTimePerUnit", t."Specifications"
      FROM "ProductionLines" AS p
      LEFT JOIN (
          SELECT w."Id", w."EstimatedEndDate", w."ProductId", w."ProductionLineId", w."ProgressPercent", w."Quantity", w."StartDate", w."Status", p0."Id" AS "Id0", p0."Category", p0."Description", p0."MinimalStock", p0."Name", p0."ProductionTimePerUnit", p0."Specifications"
          FROM "WorkOrders" AS w
          INNER JOIN "Products" AS p0 ON w."ProductId" = p0."Id"
      ) AS t ON p."Id" = t."ProductionLineId"
      ORDER BY p."Name", p."Id", t."Id"
info: Microsoft.EntityFrameworkCore.Database.Command[20101]
      Executed DbCommand (3ms) [Parameters=[], CommandType='Text', CommandTimeout='30']
      SELECT p."Id", p."Category", p."Description", p."MinimalStock", p."Name", p."ProductionTimePerUnit", p."Specifications"
      FROM "Products" AS p
      ORDER BY p."Name"
info: Microsoft.EntityFrameworkCore.Database.Command[20101]
      Executed DbCommand (2ms) [Parameters=[], CommandType='Text', CommandTimeout='30']
      SELECT p."Id", p."CurrentWorkOrderId", p."EfficiencyFactor", p."Name", p."Status"
      FROM "ProductionLines" AS p
      WHERE p."Status" = 'Active' OR p."CurrentWorkOrderId" IS NULL
      ORDER BY p."Name"
info: Microsoft.EntityFrameworkCore.Database.Command[20101]
      Executed DbCommand (2ms) [Parameters=[], CommandType='Text', CommandTimeout='30']
      SELECT w."Id", w."EstimatedEndDate", w."ProductId", w."ProductionLineId", w."ProgressPercent", w."Quantity", w."StartDate", w."Status", p."Id", p."Category", p."Description", p."MinimalStock", p."Name", p."ProductionTimePerUnit", p."Specifications", p0."Id", p0."CurrentWorkOrderId", p0."EfficiencyFactor", p0."Name", p0."Status"
      FROM "WorkOrders" AS w
      INNER JOIN "Products" AS p ON w."ProductId" = p."Id"
      LEFT JOIN "ProductionLines" AS p0 ON w."ProductionLineId" = p0."Id"
info: Microsoft.EntityFrameworkCore.Database.Command[20101]
      Executed DbCommand (3ms) [Parameters=[], CommandType='Text', CommandTimeout='30']
      SELECT t."Category"
      FROM (
          SELECT DISTINCT p."Category"
          FROM "Products" AS p
      ) AS t
      ORDER BY t."Category"
info: Microsoft.EntityFrameworkCore.Database.Command[20101]
      Executed DbCommand (2ms) [Parameters=[], CommandType='Text', CommandTimeout='30']
      SELECT p."Id", p."Category", p."Description", p."MinimalStock", p."Name", p."ProductionTimePerUnit", p."Specifications", t."ProductId", t."MaterialId", t."QuantityNeeded", t."Id", t."MinimalStock", t."Name", t."Quantity", t."UnitOfMeasure"
      FROM "Products" AS p
      LEFT JOIN (
          SELECT p0."ProductId", p0."MaterialId", p0."QuantityNeeded", m."Id", m."MinimalStock", m."Name", m."Quantity", m."UnitOfMeasure"
          FROM "ProductMaterials" AS p0
          INNER JOIN "Materials" AS m ON p0."MaterialId" = m."Id"
      ) AS t ON p."Id" = t."ProductId"
      ORDER BY p."Name", p."Id", t."ProductId", t."MaterialId"
info: Microsoft.EntityFrameworkCore.Database.Command[20101]
      Executed DbCommand (2ms) [Parameters=[@__id_0='?' (DbType = Int32)], CommandType='Text', CommandTimeout='30']
      SELECT t."Id", t."Category", t."Description", t."MinimalStock", t."Name", t."ProductionTimePerUnit", t."Specifications", t0."ProductId", t0."MaterialId", t0."QuantityNeeded", t0."Id", t0."MinimalStock", t0."Name", t0."Quantity", t0."UnitOfMeasure"
      FROM (
          SELECT p."Id", p."Category", p."Description", p."MinimalStock", p."Name", p."ProductionTimePerUnit", p."Specifications"
          FROM "Products" AS p
          WHERE p."Id" = @__id_0
          LIMIT 1
      ) AS t
      LEFT JOIN (
          SELECT p0."ProductId", p0."MaterialId", p0."QuantityNeeded", m."Id", m."MinimalStock", m."Name", m."Quantity", m."UnitOfMeasure"
          FROM "ProductMaterials" AS p0
          INNER JOIN "Materials" AS m ON p0."MaterialId" = m."Id"
      ) AS t0 ON t."Id" = t0."ProductId"
      ORDER BY t."Id", t0."ProductId", t0."MaterialId"
info: Microsoft.EntityFrameworkCore.Database.Command[20101]
      Executed DbCommand (2ms) [Parameters=[], CommandType='Text', CommandTimeout='30']
      SELECT m."Id", m."MinimalStock", m."Name", m."Quantity", m."UnitOfMeasure"
      FROM "Materials" AS m
      ORDER BY m."Name"
